<?xml version="1.0" encoding="UTF-8"?>
<testsuite xmlns:xsi="http://www.w3.org/2001/XMLSchema-instance" xsi:noNamespaceSchemaLocation="https://maven.apache.org/surefire/maven-surefire-plugin/xsd/surefire-test-report-3.0.xsd" version="3.0" name="ntnu.no.idatg2001.player.PlayerTest" time="0.053" tests="4" errors="0" skipped="0" failures="0">
  <properties>
[...]
</properties>
  <testcase name="setPlayerScore" classname="ntnu.no.idatg2001.player.PlayerTest" time="0.027"/>
  <testcase name="setPlayerName" classname="ntnu.no.idatg2001.player.PlayerTest" time="0"/>
  <testcase name="setPlayerHealthPoints" classname="ntnu.no.idatg2001.player.PlayerTest" time="0"/>
  <testcase name="setGold" classname="ntnu.no.idatg2001.player.PlayerTest" time="0.002"/>
</testsuite>